Diagnose log at 2022-12-31T16:53:42Z

AppPath: C:\Program Files\Git\mingw64\bin\git-credential-manager.exe
InstallDir: C:\Program Files\Git\mingw64\bin\
Version: 2.0.886+ea93cb5158

------------
Diagnostic: Environment
Skipped: False
Success: True
Exception: None
Log:
OSType: Windows
OSVersion: 10.0 (build 19044)
Reading environment variables... OK
 Variables:
HOMEPATH=\Users\iBueroWin
DriverData=C:\Windows\System32\Drivers\DriverData
COMPUTERNAME=ELEPHANTOSWIN
CommonProgramFiles(x86)=C:\Program Files (x86)\Common Files
OneDrive=C:\Users\iBueroWin\OneDrive
ChocolateyLastPathUpdate=133153438106989869
VSCODE_INJECTION=1
HOME=C:\Users\iBueroWin
PROCESSOR_REVISION=a505
PATHEXT=.COM;.EXE;.BAT;.CMD;.VBS;.VBE;.JS;.JSE;.WSF;.WSH;.MSC;.PY;.PYW;.CPL
GIT_ASKPASS=c:\Users\iBueroWin\AppData\Local\Programs\Microsoft VS Code\resources\app\extensions\git\dist\askpass.sh
TMP=C:\Users\IBUERO~1\AppData\Local\Temp
TEMP=C:\Users\IBUERO~1\AppData\Local\Temp
LOCALAPPDATA=C:\Users\iBueroWin\AppData\Local
MSYSTEM=MINGW64
TERM=xterm-256color
ProgramW6432=C:\Program Files
USERDOMAIN=ELEPHANTOSWIN
ProgramFiles(x86)=C:\Program Files (x86)
Path=C:/Program Files/Git/mingw64/libexec/git-core;C:\Program Files\Git\mingw64\bin;C:\Program Files\Git\usr\bin;C:\Users\iBueroWin\bin;C:\Python311\Scripts\;C:\Python311\;C:\Program Files (x86)\Common Files\Oracle\Java\javapath;C:\Windows\system32;C:\Windows;C:\Windows\System32\Wbem;C:\Windows\System32\WindowsPowerShell\v1.0\;C:\Windows\System32\OpenSSH\;C:\Program Files (x86)\Boxcryptor\bin\;C:\Program Files\nodejs\;C:\ProgramData\chocolatey\bin;C:\Program Files\Git\cmd;C:\Users\iBueroWin\AppData\Local\Microsoft\WindowsApps;C:\Hugo\bin;C:\Users\iBueroWin\AppData\Local\atom\bin;C:\Users\iBueroWin\AppData\Roaming\npm;C:\Users\iBueroWin\AppData\Local\Programs\Microsoft VS Code\bin
TERM_PROGRAM=vscode
PROCESSOR_LEVEL=6
PROCESSOR_IDENTIFIER=Intel64 Family 6 Model 165 Stepping 5, GenuineIntel
TMPDIR=C:\Users\IBUERO~1\AppData\Local\Temp
VSCODE_GIT_ASKPASS_EXTRA_ARGS=--ms-enable-electron-run-as-node
TERM_PROGRAM_VERSION=1.74.2
VSCODE_GIT_ASKPASS_MAIN=c:\Users\iBueroWin\AppData\Local\Programs\Microsoft VS Code\resources\app\extensions\git\dist\askpass-main.js
PSModulePath=C:\Users\iBueroWin\Documents\WindowsPowerShell\Modules;C:\Program Files\WindowsPowerShell\Modules;C:\Windows\system32\WindowsPowerShell\v1.0\Modules
PUBLIC=C:\Users\Public
NUMBER_OF_PROCESSORS=16
CommonProgramFiles=C:\Program Files (x86)\Common Files
VSCODE_GIT_IPC_HANDLE=\\.\pipe\vscode-git-2061f4ebf9-sock
CHROME_CRASHPAD_PIPE_NAME=\\.\pipe\LOCAL\crashpad_13412_MRXEGHEPMRXOZUVO
PLINK_PROTOCOL=ssh
ProgramData=C:\ProgramData
ProgramFiles=C:\Program Files (x86)
ChocolateyInstall=C:\ProgramData\chocolatey
VSCODE_GIT_ASKPASS_NODE=C:\Users\iBueroWin\AppData\Local\Programs\Microsoft VS Code\Code.exe
SystemRoot=C:\Windows
ORIGINAL_XDG_CURRENT_DESKTOP=undefined
SESSIONNAME=Console
CommonProgramW6432=C:\Program Files\Common Files
LOGONSERVER=\\ELEPHANTOSWIN
GIT_EXEC_PATH=C:/Program Files/Git/mingw64/libexec/git-core
COLORTERM=truecolor
USERDOMAIN_ROAMINGPROFILE=ELEPHANTOSWIN
APPDATA=C:\Users\iBueroWin\AppData\Roaming
HOMEDRIVE=C:
USERNAME=iBueroWin
PROCESSOR_ARCHITEW6432=AMD64
PROCESSOR_ARCHITECTURE=x86
USERPROFILE=C:\Users\iBueroWin
OS=Windows_NT
ComSpec=C:\Windows\system32\cmd.exe
SystemDrive=C:
windir=C:\Windows
LANG=en_US.UTF-8
ALLUSERSPROFILE=C:\ProgramData


------------
Diagnostic: File system
Skipped: False
Success: True
Exception: None
Log:
Temporary directory is 'C:\Users\iBueroWin\AppData\Local\Temp\'...
Checking basic file I/O...
Writing to temporary file 'C:\Users\iBueroWin\AppData\Local\Temp\bfdf45f980d3b8998a4151af'... OK
Reading from temporary file 'C:\Users\iBueroWin\AppData\Local\Temp\bfdf45f980d3b8998a4151af'... OK
Deleting temporary file 'C:\Users\iBueroWin\AppData\Local\Temp\bfdf45f980d3b8998a4151af'... OK
Testing IFileSystem instance...
UserHomePath: C:\Users\iBueroWin
UserDataDirectoryPath: C:\Users\iBueroWin\.gcm
GetCurrentDirectory(): C:\Users\iBueroWin\Google Drive\60_ASTROJS\tutorial

------------
Diagnostic: Networking
Skipped: False
Success: True
Exception: None
Log:
Checking networking and HTTP stack...
Creating HTTP client... OK
IsNetworkAvailable: True
Sending HEAD request to http://example.com... OK
Sending HEAD request to https://example.com... OK
Acquiring free TCP port... OK
Testing local HTTP loopback connections...
Creating new HTTP listener for http://localhost:50447/... OK
Waiting for loopback connection... OK
Writing response... OK
Waiting for response data... OK
Loopback connection data OK

------------
Diagnostic: Git
Skipped: False
Success: True
Exception: None
Log:
Getting Git version... OK
Git version is '2.39.0.windows.2'
Locating current repository... OK
Git repository at 'C:/Users/iBueroWin/Google Drive/60_ASTROJS/tutorial/.git'
Listing all Git configuration... OK
Git configuration:
file:C:/Program Files/Git/etc/gitconfig	diff.astextplain.textconv=astextplain
file:C:/Program Files/Git/etc/gitconfig	filter.lfs.clean=git-lfs clean -- %f
file:C:/Program Files/Git/etc/gitconfig	filter.lfs.smudge=git-lfs smudge -- %f
file:C:/Program Files/Git/etc/gitconfig	filter.lfs.process=git-lfs filter-process
file:C:/Program Files/Git/etc/gitconfig	filter.lfs.required=true
file:C:/Program Files/Git/etc/gitconfig	http.sslbackend=openssl
file:C:/Program Files/Git/etc/gitconfig	http.sslcainfo=C:/Program Files/Git/mingw64/ssl/certs/ca-bundle.crt
file:C:/Program Files/Git/etc/gitconfig	core.autocrlf=true
file:C:/Program Files/Git/etc/gitconfig	core.fscache=true
file:C:/Program Files/Git/etc/gitconfig	core.symlinks=false
file:C:/Program Files/Git/etc/gitconfig	pull.rebase=false
file:C:/Program Files/Git/etc/gitconfig	credential.helper=manager
file:C:/Program Files/Git/etc/gitconfig	credential.https://dev.azure.com.usehttppath=true
file:C:/Program Files/Git/etc/gitconfig	init.defaultbranch=master
file:.git/config	core.repositoryformatversion=0
file:.git/config	core.filemode=false
file:.git/config	core.bare=false
file:.git/config	core.logallrefupdates=true
file:.git/config	core.symlinks=false
file:.git/config	core.ignorecase=true


------------
Diagnostic: Credential storage
Skipped: False
Success: True
Exception: None
Log:
ICredentialStore instance is of type: CredentialStore
Writing test credential... OK
Reading test credential... OK
Deleting test credential... OK

------------
Diagnostic: Microsoft authentication (AAD/MSA)
Skipped: False
Success: True
Exception: None
Log:
Broker not supported.
Flow type is: Auto
Gathering MSAL token cache data... OK
CacheDirectory: C:\Users\iBueroWin\AppData\Local\.IdentityService
CacheFileName: msal.cache
CacheFilePath: C:\Users\iBueroWin\AppData\Local\.IdentityService\msal.cache
Creating cache helper... OK
Verifying MSAL token cache persistence... OK

------------
Diagnostic: GitHub API
Skipped: False
Success: True
Exception: None
Log:
Using 'https://github.com/' as API target.
Querying '/meta' endpoint... OK

